                                      1 ;--------------------------------------------------------
                                      2 ; File Created by SDCC : free open source ANSI-C Compiler
                                      3 ; Version 4.0.0 #11528 (Linux)
                                      4 ;--------------------------------------------------------
                                      5 	.module main
                                      6 	.optsdcc -mmcs51 --model-small
                                      7 	
                                      8 ;--------------------------------------------------------
                                      9 ; Public variables in this module
                                     10 ;--------------------------------------------------------
                                     11 	.globl _main
                                     12 	.globl _TF2
                                     13 	.globl _EXF2
                                     14 	.globl _RCLK
                                     15 	.globl _TCLK
                                     16 	.globl _EXEN2
                                     17 	.globl _TR2
                                     18 	.globl _C_T2
                                     19 	.globl _CP_RL2
                                     20 	.globl _T2CON_7
                                     21 	.globl _T2CON_6
                                     22 	.globl _T2CON_5
                                     23 	.globl _T2CON_4
                                     24 	.globl _T2CON_3
                                     25 	.globl _T2CON_2
                                     26 	.globl _T2CON_1
                                     27 	.globl _T2CON_0
                                     28 	.globl _PT2
                                     29 	.globl _ET2
                                     30 	.globl _CY
                                     31 	.globl _AC
                                     32 	.globl _F0
                                     33 	.globl _RS1
                                     34 	.globl _RS0
                                     35 	.globl _OV
                                     36 	.globl _F1
                                     37 	.globl _P
                                     38 	.globl _PS
                                     39 	.globl _PT1
                                     40 	.globl _PX1
                                     41 	.globl _PT0
                                     42 	.globl _PX0
                                     43 	.globl _RD
                                     44 	.globl _WR
                                     45 	.globl _T1
                                     46 	.globl _T0
                                     47 	.globl _INT1
                                     48 	.globl _INT0
                                     49 	.globl _TXD
                                     50 	.globl _RXD
                                     51 	.globl _P3_7
                                     52 	.globl _P3_6
                                     53 	.globl _P3_5
                                     54 	.globl _P3_4
                                     55 	.globl _P3_3
                                     56 	.globl _P3_2
                                     57 	.globl _P3_1
                                     58 	.globl _P3_0
                                     59 	.globl _EA
                                     60 	.globl _ES
                                     61 	.globl _ET1
                                     62 	.globl _EX1
                                     63 	.globl _ET0
                                     64 	.globl _EX0
                                     65 	.globl _P2_7
                                     66 	.globl _P2_6
                                     67 	.globl _P2_5
                                     68 	.globl _P2_4
                                     69 	.globl _P2_3
                                     70 	.globl _P2_2
                                     71 	.globl _P2_1
                                     72 	.globl _P2_0
                                     73 	.globl _SM0
                                     74 	.globl _SM1
                                     75 	.globl _SM2
                                     76 	.globl _REN
                                     77 	.globl _TB8
                                     78 	.globl _RB8
                                     79 	.globl _TI
                                     80 	.globl _RI
                                     81 	.globl _P1_7
                                     82 	.globl _P1_6
                                     83 	.globl _P1_5
                                     84 	.globl _P1_4
                                     85 	.globl _P1_3
                                     86 	.globl _P1_2
                                     87 	.globl _P1_1
                                     88 	.globl _P1_0
                                     89 	.globl _TF1
                                     90 	.globl _TR1
                                     91 	.globl _TF0
                                     92 	.globl _TR0
                                     93 	.globl _IE1
                                     94 	.globl _IT1
                                     95 	.globl _IE0
                                     96 	.globl _IT0
                                     97 	.globl _P0_7
                                     98 	.globl _P0_6
                                     99 	.globl _P0_5
                                    100 	.globl _P0_4
                                    101 	.globl _P0_3
                                    102 	.globl _P0_2
                                    103 	.globl _P0_1
                                    104 	.globl _P0_0
                                    105 	.globl _TH2
                                    106 	.globl _TL2
                                    107 	.globl _RCAP2H
                                    108 	.globl _RCAP2L
                                    109 	.globl _T2CON
                                    110 	.globl _B
                                    111 	.globl _ACC
                                    112 	.globl _PSW
                                    113 	.globl _IP
                                    114 	.globl _P3
                                    115 	.globl _IE
                                    116 	.globl _P2
                                    117 	.globl _SBUF
                                    118 	.globl _SCON
                                    119 	.globl _P1
                                    120 	.globl _TH1
                                    121 	.globl _TH0
                                    122 	.globl _TL1
                                    123 	.globl _TL0
                                    124 	.globl _TMOD
                                    125 	.globl _TCON
                                    126 	.globl _PCON
                                    127 	.globl _DPH
                                    128 	.globl _DPL
                                    129 	.globl _SP
                                    130 	.globl _P0
                                    131 ;--------------------------------------------------------
                                    132 ; special function registers
                                    133 ;--------------------------------------------------------
                                    134 	.area RSEG    (ABS,DATA)
      000000                        135 	.org 0x0000
                           000080   136 _P0	=	0x0080
                           000081   137 _SP	=	0x0081
                           000082   138 _DPL	=	0x0082
                           000083   139 _DPH	=	0x0083
                           000087   140 _PCON	=	0x0087
                           000088   141 _TCON	=	0x0088
                           000089   142 _TMOD	=	0x0089
                           00008A   143 _TL0	=	0x008a
                           00008B   144 _TL1	=	0x008b
                           00008C   145 _TH0	=	0x008c
                           00008D   146 _TH1	=	0x008d
                           000090   147 _P1	=	0x0090
                           000098   148 _SCON	=	0x0098
                           000099   149 _SBUF	=	0x0099
                           0000A0   150 _P2	=	0x00a0
                           0000A8   151 _IE	=	0x00a8
                           0000B0   152 _P3	=	0x00b0
                           0000B8   153 _IP	=	0x00b8
                           0000D0   154 _PSW	=	0x00d0
                           0000E0   155 _ACC	=	0x00e0
                           0000F0   156 _B	=	0x00f0
                           0000C8   157 _T2CON	=	0x00c8
                           0000CA   158 _RCAP2L	=	0x00ca
                           0000CB   159 _RCAP2H	=	0x00cb
                           0000CC   160 _TL2	=	0x00cc
                           0000CD   161 _TH2	=	0x00cd
                                    162 ;--------------------------------------------------------
                                    163 ; special function bits
                                    164 ;--------------------------------------------------------
                                    165 	.area RSEG    (ABS,DATA)
      000000                        166 	.org 0x0000
                           000080   167 _P0_0	=	0x0080
                           000081   168 _P0_1	=	0x0081
                           000082   169 _P0_2	=	0x0082
                           000083   170 _P0_3	=	0x0083
                           000084   171 _P0_4	=	0x0084
                           000085   172 _P0_5	=	0x0085
                           000086   173 _P0_6	=	0x0086
                           000087   174 _P0_7	=	0x0087
                           000088   175 _IT0	=	0x0088
                           000089   176 _IE0	=	0x0089
                           00008A   177 _IT1	=	0x008a
                           00008B   178 _IE1	=	0x008b
                           00008C   179 _TR0	=	0x008c
                           00008D   180 _TF0	=	0x008d
                           00008E   181 _TR1	=	0x008e
                           00008F   182 _TF1	=	0x008f
                           000090   183 _P1_0	=	0x0090
                           000091   184 _P1_1	=	0x0091
                           000092   185 _P1_2	=	0x0092
                           000093   186 _P1_3	=	0x0093
                           000094   187 _P1_4	=	0x0094
                           000095   188 _P1_5	=	0x0095
                           000096   189 _P1_6	=	0x0096
                           000097   190 _P1_7	=	0x0097
                           000098   191 _RI	=	0x0098
                           000099   192 _TI	=	0x0099
                           00009A   193 _RB8	=	0x009a
                           00009B   194 _TB8	=	0x009b
                           00009C   195 _REN	=	0x009c
                           00009D   196 _SM2	=	0x009d
                           00009E   197 _SM1	=	0x009e
                           00009F   198 _SM0	=	0x009f
                           0000A0   199 _P2_0	=	0x00a0
                           0000A1   200 _P2_1	=	0x00a1
                           0000A2   201 _P2_2	=	0x00a2
                           0000A3   202 _P2_3	=	0x00a3
                           0000A4   203 _P2_4	=	0x00a4
                           0000A5   204 _P2_5	=	0x00a5
                           0000A6   205 _P2_6	=	0x00a6
                           0000A7   206 _P2_7	=	0x00a7
                           0000A8   207 _EX0	=	0x00a8
                           0000A9   208 _ET0	=	0x00a9
                           0000AA   209 _EX1	=	0x00aa
                           0000AB   210 _ET1	=	0x00ab
                           0000AC   211 _ES	=	0x00ac
                           0000AF   212 _EA	=	0x00af
                           0000B0   213 _P3_0	=	0x00b0
                           0000B1   214 _P3_1	=	0x00b1
                           0000B2   215 _P3_2	=	0x00b2
                           0000B3   216 _P3_3	=	0x00b3
                           0000B4   217 _P3_4	=	0x00b4
                           0000B5   218 _P3_5	=	0x00b5
                           0000B6   219 _P3_6	=	0x00b6
                           0000B7   220 _P3_7	=	0x00b7
                           0000B0   221 _RXD	=	0x00b0
                           0000B1   222 _TXD	=	0x00b1
                           0000B2   223 _INT0	=	0x00b2
                           0000B3   224 _INT1	=	0x00b3
                           0000B4   225 _T0	=	0x00b4
                           0000B5   226 _T1	=	0x00b5
                           0000B6   227 _WR	=	0x00b6
                           0000B7   228 _RD	=	0x00b7
                           0000B8   229 _PX0	=	0x00b8
                           0000B9   230 _PT0	=	0x00b9
                           0000BA   231 _PX1	=	0x00ba
                           0000BB   232 _PT1	=	0x00bb
                           0000BC   233 _PS	=	0x00bc
                           0000D0   234 _P	=	0x00d0
                           0000D1   235 _F1	=	0x00d1
                           0000D2   236 _OV	=	0x00d2
                           0000D3   237 _RS0	=	0x00d3
                           0000D4   238 _RS1	=	0x00d4
                           0000D5   239 _F0	=	0x00d5
                           0000D6   240 _AC	=	0x00d6
                           0000D7   241 _CY	=	0x00d7
                           0000AD   242 _ET2	=	0x00ad
                           0000BD   243 _PT2	=	0x00bd
                           0000C8   244 _T2CON_0	=	0x00c8
                           0000C9   245 _T2CON_1	=	0x00c9
                           0000CA   246 _T2CON_2	=	0x00ca
                           0000CB   247 _T2CON_3	=	0x00cb
                           0000CC   248 _T2CON_4	=	0x00cc
                           0000CD   249 _T2CON_5	=	0x00cd
                           0000CE   250 _T2CON_6	=	0x00ce
                           0000CF   251 _T2CON_7	=	0x00cf
                           0000C8   252 _CP_RL2	=	0x00c8
                           0000C9   253 _C_T2	=	0x00c9
                           0000CA   254 _TR2	=	0x00ca
                           0000CB   255 _EXEN2	=	0x00cb
                           0000CC   256 _TCLK	=	0x00cc
                           0000CD   257 _RCLK	=	0x00cd
                           0000CE   258 _EXF2	=	0x00ce
                           0000CF   259 _TF2	=	0x00cf
                                    260 ;--------------------------------------------------------
                                    261 ; overlayable register banks
                                    262 ;--------------------------------------------------------
                                    263 	.area REG_BANK_0	(REL,OVR,DATA)
      000000                        264 	.ds 8
                                    265 ;--------------------------------------------------------
                                    266 ; internal ram data
                                    267 ;--------------------------------------------------------
                                    268 	.area DSEG    (DATA)
                                    269 ;--------------------------------------------------------
                                    270 ; overlayable items in internal ram 
                                    271 ;--------------------------------------------------------
                                    272 	.area	OSEG    (OVR,DATA)
                                    273 ;--------------------------------------------------------
                                    274 ; Stack segment in internal ram 
                                    275 ;--------------------------------------------------------
                                    276 	.area	SSEG
      000000                        277 __start__stack:
      000000                        278 	.ds	1
                                    279 
                                    280 ;--------------------------------------------------------
                                    281 ; indirectly addressable internal ram data
                                    282 ;--------------------------------------------------------
                                    283 	.area ISEG    (DATA)
                                    284 ;--------------------------------------------------------
                                    285 ; absolute internal ram data
                                    286 ;--------------------------------------------------------
                                    287 	.area IABS    (ABS,DATA)
                                    288 	.area IABS    (ABS,DATA)
                                    289 ;--------------------------------------------------------
                                    290 ; bit data
                                    291 ;--------------------------------------------------------
                                    292 	.area BSEG    (BIT)
                                    293 ;--------------------------------------------------------
                                    294 ; paged external ram data
                                    295 ;--------------------------------------------------------
                                    296 	.area PSEG    (PAG,XDATA)
                                    297 ;--------------------------------------------------------
                                    298 ; external ram data
                                    299 ;--------------------------------------------------------
                                    300 	.area XSEG    (XDATA)
                                    301 ;--------------------------------------------------------
                                    302 ; absolute external ram data
                                    303 ;--------------------------------------------------------
                                    304 	.area XABS    (ABS,XDATA)
                                    305 ;--------------------------------------------------------
                                    306 ; external initialized ram data
                                    307 ;--------------------------------------------------------
                                    308 	.area XISEG   (XDATA)
                                    309 	.area HOME    (CODE)
                                    310 	.area GSINIT0 (CODE)
                                    311 	.area GSINIT1 (CODE)
                                    312 	.area GSINIT2 (CODE)
                                    313 	.area GSINIT3 (CODE)
                                    314 	.area GSINIT4 (CODE)
                                    315 	.area GSINIT5 (CODE)
                                    316 	.area GSINIT  (CODE)
                                    317 	.area GSFINAL (CODE)
                                    318 	.area CSEG    (CODE)
                                    319 ;--------------------------------------------------------
                                    320 ; interrupt vector 
                                    321 ;--------------------------------------------------------
                                    322 	.area HOME    (CODE)
      000000                        323 __interrupt_vect:
      000000 02r00r00         [24]  324 	ljmp	__sdcc_gsinit_startup
                                    325 ;--------------------------------------------------------
                                    326 ; global & static initialisations
                                    327 ;--------------------------------------------------------
                                    328 	.area HOME    (CODE)
                                    329 	.area GSINIT  (CODE)
                                    330 	.area GSFINAL (CODE)
                                    331 	.area GSINIT  (CODE)
                                    332 	.globl __sdcc_gsinit_startup
                                    333 	.globl __sdcc_program_startup
                                    334 	.globl __start__stack
                                    335 	.globl __mcs51_genXINIT
                                    336 	.globl __mcs51_genXRAMCLEAR
                                    337 	.globl __mcs51_genRAMCLEAR
                                    338 	.area GSFINAL (CODE)
      000000 02r00r03         [24]  339 	ljmp	__sdcc_program_startup
                                    340 ;--------------------------------------------------------
                                    341 ; Home
                                    342 ;--------------------------------------------------------
                                    343 	.area HOME    (CODE)
                                    344 	.area HOME    (CODE)
      000003                        345 __sdcc_program_startup:
      000003 02r00r00         [24]  346 	ljmp	_main
                                    347 ;	return from main will return to caller
                                    348 ;--------------------------------------------------------
                                    349 ; code
                                    350 ;--------------------------------------------------------
                                    351 	.area CSEG    (CODE)
                                    352 ;------------------------------------------------------------
                                    353 ;Allocation info for local variables in function 'main'
                                    354 ;------------------------------------------------------------
                                    355 ;a                         Allocated to registers r6 
                                    356 ;dat1                      Allocated to registers r7 
                                    357 ;dat2                      Allocated to registers 
                                    358 ;------------------------------------------------------------
                                    359 ;	main.c:6: void main()
                                    360 ;	-----------------------------------------
                                    361 ;	 function main
                                    362 ;	-----------------------------------------
      000000                        363 _main:
                           000007   364 	ar7 = 0x07
                           000006   365 	ar6 = 0x06
                           000005   366 	ar5 = 0x05
                           000004   367 	ar4 = 0x04
                           000003   368 	ar3 = 0x03
                           000002   369 	ar2 = 0x02
                           000001   370 	ar1 = 0x01
                           000000   371 	ar0 = 0x00
                                    372 ;	main.c:8: P0_7=0;		//第一列
                                    373 ;	assignBit
      000000 C2 87            [12]  374 	clr	_P0_7
                                    375 ;	main.c:9: P0_1=0;		//第六列
                                    376 ;	assignBit
      000002 C2 81            [12]  377 	clr	_P0_1
                                    378 ;	main.c:10: while(1)
      000004                        379 00103$:
                                    380 ;	main.c:12: unsigned char a,dat1=0xfe,dat2=0x01;	//unsinged char 0-255
      000004 7F FE            [12]  381 	mov	r7,#0xfe
                                    382 ;	main.c:13: P3_6=0;		//SPCLK 移位寄存器时钟输入 
                                    383 ;	assignBit
      000006 C2 B6            [12]  384 	clr	_P3_6
                                    385 ;	main.c:14: P3_5=0;		//RCLK 	存储寄存器时钟输入 
                                    386 ;	assignBit
      000008 C2 B5            [12]  387 	clr	_P3_5
                                    388 ;	main.c:16: for(a=0;a<8;a++)
      00000A 7E 00            [12]  389 	mov	r6,#0x00
      00000C                        390 00105$:
                                    391 ;	main.c:18: P3_4= dat1 >> 7;		//SER 串行数据输入
      00000C EF               [12]  392 	mov	a,r7
      00000D 23               [12]  393 	rl	a
      00000E 54 01            [12]  394 	anl	a,#0x01
                                    395 ;	assignBit
      000010 24 FF            [12]  396 	add	a,#0xff
      000012 92 B4            [24]  397 	mov	_P3_4,c
                                    398 ;	main.c:19: dat1 <<= 1;
      000014 8F 05            [24]  399 	mov	ar5,r7
      000016 ED               [12]  400 	mov	a,r5
      000017 2D               [12]  401 	add	a,r5
      000018 FF               [12]  402 	mov	r7,a
                                    403 ;	main.c:20: P3_6=1;
                                    404 ;	assignBit
      000019 D2 B6            [12]  405 	setb	_P3_6
                                    406 ;	main.c:21: _nop_();	//执行一条空指令
      00001B 00               [12]  407 	NOP	
                                    408 ;	main.c:22: _nop_();
      00001C 00               [12]  409 	NOP	
                                    410 ;	main.c:23: P3_6=0;	
                                    411 ;	assignBit
      00001D C2 B6            [12]  412 	clr	_P3_6
                                    413 ;	main.c:16: for(a=0;a<8;a++)
      00001F 0E               [12]  414 	inc	r6
      000020 BE 08 00         [24]  415 	cjne	r6,#0x08,00122$
      000023                        416 00122$:
      000023 40 E7            [24]  417 	jc	00105$
                                    418 ;	main.c:35: P3_5=0;
                                    419 ;	assignBit
      000025 C2 B5            [12]  420 	clr	_P3_5
                                    421 ;	main.c:36: _nop_();
      000027 00               [12]  422 	NOP	
                                    423 ;	main.c:37: _nop_();
      000028 00               [12]  424 	NOP	
                                    425 ;	main.c:38: P3_5=1;
                                    426 ;	assignBit
      000029 D2 B5            [12]  427 	setb	_P3_5
                                    428 ;	main.c:40: }
      00002B 80 D7            [24]  429 	sjmp	00103$
                                    430 	.area CSEG    (CODE)
                                    431 	.area CONST   (CODE)
                                    432 	.area XINIT   (CODE)
                                    433 	.area CABS    (ABS,CODE)
