                                      1 ;--------------------------------------------------------
                                      2 ; File Created by SDCC : free open source ANSI-C Compiler
                                      3 ; Version 4.0.0 #11528 (Linux)
                                      4 ;--------------------------------------------------------
                                      5 	.module lcd
                                      6 	.optsdcc -mmcs51 --model-small
                                      7 	
                                      8 ;--------------------------------------------------------
                                      9 ; Public variables in this module
                                     10 ;--------------------------------------------------------
                                     11 	.globl _TF2
                                     12 	.globl _EXF2
                                     13 	.globl _RCLK
                                     14 	.globl _TCLK
                                     15 	.globl _EXEN2
                                     16 	.globl _TR2
                                     17 	.globl _C_T2
                                     18 	.globl _CP_RL2
                                     19 	.globl _T2CON_7
                                     20 	.globl _T2CON_6
                                     21 	.globl _T2CON_5
                                     22 	.globl _T2CON_4
                                     23 	.globl _T2CON_3
                                     24 	.globl _T2CON_2
                                     25 	.globl _T2CON_1
                                     26 	.globl _T2CON_0
                                     27 	.globl _PT2
                                     28 	.globl _ET2
                                     29 	.globl _CY
                                     30 	.globl _AC
                                     31 	.globl _F0
                                     32 	.globl _RS1
                                     33 	.globl _RS0
                                     34 	.globl _OV
                                     35 	.globl _F1
                                     36 	.globl _P
                                     37 	.globl _PS
                                     38 	.globl _PT1
                                     39 	.globl _PX1
                                     40 	.globl _PT0
                                     41 	.globl _PX0
                                     42 	.globl _RD
                                     43 	.globl _WR
                                     44 	.globl _T1
                                     45 	.globl _T0
                                     46 	.globl _INT1
                                     47 	.globl _INT0
                                     48 	.globl _TXD
                                     49 	.globl _RXD
                                     50 	.globl _P3_7
                                     51 	.globl _P3_6
                                     52 	.globl _P3_5
                                     53 	.globl _P3_4
                                     54 	.globl _P3_3
                                     55 	.globl _P3_2
                                     56 	.globl _P3_1
                                     57 	.globl _P3_0
                                     58 	.globl _EA
                                     59 	.globl _ES
                                     60 	.globl _ET1
                                     61 	.globl _EX1
                                     62 	.globl _ET0
                                     63 	.globl _EX0
                                     64 	.globl _P2_7
                                     65 	.globl _P2_6
                                     66 	.globl _P2_5
                                     67 	.globl _P2_4
                                     68 	.globl _P2_3
                                     69 	.globl _P2_2
                                     70 	.globl _P2_1
                                     71 	.globl _P2_0
                                     72 	.globl _SM0
                                     73 	.globl _SM1
                                     74 	.globl _SM2
                                     75 	.globl _REN
                                     76 	.globl _TB8
                                     77 	.globl _RB8
                                     78 	.globl _TI
                                     79 	.globl _RI
                                     80 	.globl _P1_7
                                     81 	.globl _P1_6
                                     82 	.globl _P1_5
                                     83 	.globl _P1_4
                                     84 	.globl _P1_3
                                     85 	.globl _P1_2
                                     86 	.globl _P1_1
                                     87 	.globl _P1_0
                                     88 	.globl _TF1
                                     89 	.globl _TR1
                                     90 	.globl _TF0
                                     91 	.globl _TR0
                                     92 	.globl _IE1
                                     93 	.globl _IT1
                                     94 	.globl _IE0
                                     95 	.globl _IT0
                                     96 	.globl _P0_7
                                     97 	.globl _P0_6
                                     98 	.globl _P0_5
                                     99 	.globl _P0_4
                                    100 	.globl _P0_3
                                    101 	.globl _P0_2
                                    102 	.globl _P0_1
                                    103 	.globl _P0_0
                                    104 	.globl _TH2
                                    105 	.globl _TL2
                                    106 	.globl _RCAP2H
                                    107 	.globl _RCAP2L
                                    108 	.globl _T2CON
                                    109 	.globl _B
                                    110 	.globl _ACC
                                    111 	.globl _PSW
                                    112 	.globl _IP
                                    113 	.globl _P3
                                    114 	.globl _IE
                                    115 	.globl _P2
                                    116 	.globl _SBUF
                                    117 	.globl _SCON
                                    118 	.globl _P1
                                    119 	.globl _TH1
                                    120 	.globl _TH0
                                    121 	.globl _TL1
                                    122 	.globl _TL0
                                    123 	.globl _TMOD
                                    124 	.globl _TCON
                                    125 	.globl _PCON
                                    126 	.globl _DPH
                                    127 	.globl _DPL
                                    128 	.globl _SP
                                    129 	.globl _P0
                                    130 	.globl _lcddelay
                                    131 	.globl _lcdwritecom
                                    132 	.globl _lcdwritedate
                                    133 	.globl _lcdinit
                                    134 ;--------------------------------------------------------
                                    135 ; special function registers
                                    136 ;--------------------------------------------------------
                                    137 	.area RSEG    (ABS,DATA)
      000000                        138 	.org 0x0000
                           000080   139 _P0	=	0x0080
                           000081   140 _SP	=	0x0081
                           000082   141 _DPL	=	0x0082
                           000083   142 _DPH	=	0x0083
                           000087   143 _PCON	=	0x0087
                           000088   144 _TCON	=	0x0088
                           000089   145 _TMOD	=	0x0089
                           00008A   146 _TL0	=	0x008a
                           00008B   147 _TL1	=	0x008b
                           00008C   148 _TH0	=	0x008c
                           00008D   149 _TH1	=	0x008d
                           000090   150 _P1	=	0x0090
                           000098   151 _SCON	=	0x0098
                           000099   152 _SBUF	=	0x0099
                           0000A0   153 _P2	=	0x00a0
                           0000A8   154 _IE	=	0x00a8
                           0000B0   155 _P3	=	0x00b0
                           0000B8   156 _IP	=	0x00b8
                           0000D0   157 _PSW	=	0x00d0
                           0000E0   158 _ACC	=	0x00e0
                           0000F0   159 _B	=	0x00f0
                           0000C8   160 _T2CON	=	0x00c8
                           0000CA   161 _RCAP2L	=	0x00ca
                           0000CB   162 _RCAP2H	=	0x00cb
                           0000CC   163 _TL2	=	0x00cc
                           0000CD   164 _TH2	=	0x00cd
                                    165 ;--------------------------------------------------------
                                    166 ; special function bits
                                    167 ;--------------------------------------------------------
                                    168 	.area RSEG    (ABS,DATA)
      000000                        169 	.org 0x0000
                           000080   170 _P0_0	=	0x0080
                           000081   171 _P0_1	=	0x0081
                           000082   172 _P0_2	=	0x0082
                           000083   173 _P0_3	=	0x0083
                           000084   174 _P0_4	=	0x0084
                           000085   175 _P0_5	=	0x0085
                           000086   176 _P0_6	=	0x0086
                           000087   177 _P0_7	=	0x0087
                           000088   178 _IT0	=	0x0088
                           000089   179 _IE0	=	0x0089
                           00008A   180 _IT1	=	0x008a
                           00008B   181 _IE1	=	0x008b
                           00008C   182 _TR0	=	0x008c
                           00008D   183 _TF0	=	0x008d
                           00008E   184 _TR1	=	0x008e
                           00008F   185 _TF1	=	0x008f
                           000090   186 _P1_0	=	0x0090
                           000091   187 _P1_1	=	0x0091
                           000092   188 _P1_2	=	0x0092
                           000093   189 _P1_3	=	0x0093
                           000094   190 _P1_4	=	0x0094
                           000095   191 _P1_5	=	0x0095
                           000096   192 _P1_6	=	0x0096
                           000097   193 _P1_7	=	0x0097
                           000098   194 _RI	=	0x0098
                           000099   195 _TI	=	0x0099
                           00009A   196 _RB8	=	0x009a
                           00009B   197 _TB8	=	0x009b
                           00009C   198 _REN	=	0x009c
                           00009D   199 _SM2	=	0x009d
                           00009E   200 _SM1	=	0x009e
                           00009F   201 _SM0	=	0x009f
                           0000A0   202 _P2_0	=	0x00a0
                           0000A1   203 _P2_1	=	0x00a1
                           0000A2   204 _P2_2	=	0x00a2
                           0000A3   205 _P2_3	=	0x00a3
                           0000A4   206 _P2_4	=	0x00a4
                           0000A5   207 _P2_5	=	0x00a5
                           0000A6   208 _P2_6	=	0x00a6
                           0000A7   209 _P2_7	=	0x00a7
                           0000A8   210 _EX0	=	0x00a8
                           0000A9   211 _ET0	=	0x00a9
                           0000AA   212 _EX1	=	0x00aa
                           0000AB   213 _ET1	=	0x00ab
                           0000AC   214 _ES	=	0x00ac
                           0000AF   215 _EA	=	0x00af
                           0000B0   216 _P3_0	=	0x00b0
                           0000B1   217 _P3_1	=	0x00b1
                           0000B2   218 _P3_2	=	0x00b2
                           0000B3   219 _P3_3	=	0x00b3
                           0000B4   220 _P3_4	=	0x00b4
                           0000B5   221 _P3_5	=	0x00b5
                           0000B6   222 _P3_6	=	0x00b6
                           0000B7   223 _P3_7	=	0x00b7
                           0000B0   224 _RXD	=	0x00b0
                           0000B1   225 _TXD	=	0x00b1
                           0000B2   226 _INT0	=	0x00b2
                           0000B3   227 _INT1	=	0x00b3
                           0000B4   228 _T0	=	0x00b4
                           0000B5   229 _T1	=	0x00b5
                           0000B6   230 _WR	=	0x00b6
                           0000B7   231 _RD	=	0x00b7
                           0000B8   232 _PX0	=	0x00b8
                           0000B9   233 _PT0	=	0x00b9
                           0000BA   234 _PX1	=	0x00ba
                           0000BB   235 _PT1	=	0x00bb
                           0000BC   236 _PS	=	0x00bc
                           0000D0   237 _P	=	0x00d0
                           0000D1   238 _F1	=	0x00d1
                           0000D2   239 _OV	=	0x00d2
                           0000D3   240 _RS0	=	0x00d3
                           0000D4   241 _RS1	=	0x00d4
                           0000D5   242 _F0	=	0x00d5
                           0000D6   243 _AC	=	0x00d6
                           0000D7   244 _CY	=	0x00d7
                           0000AD   245 _ET2	=	0x00ad
                           0000BD   246 _PT2	=	0x00bd
                           0000C8   247 _T2CON_0	=	0x00c8
                           0000C9   248 _T2CON_1	=	0x00c9
                           0000CA   249 _T2CON_2	=	0x00ca
                           0000CB   250 _T2CON_3	=	0x00cb
                           0000CC   251 _T2CON_4	=	0x00cc
                           0000CD   252 _T2CON_5	=	0x00cd
                           0000CE   253 _T2CON_6	=	0x00ce
                           0000CF   254 _T2CON_7	=	0x00cf
                           0000C8   255 _CP_RL2	=	0x00c8
                           0000C9   256 _C_T2	=	0x00c9
                           0000CA   257 _TR2	=	0x00ca
                           0000CB   258 _EXEN2	=	0x00cb
                           0000CC   259 _TCLK	=	0x00cc
                           0000CD   260 _RCLK	=	0x00cd
                           0000CE   261 _EXF2	=	0x00ce
                           0000CF   262 _TF2	=	0x00cf
                                    263 ;--------------------------------------------------------
                                    264 ; overlayable register banks
                                    265 ;--------------------------------------------------------
                                    266 	.area REG_BANK_0	(REL,OVR,DATA)
      000000                        267 	.ds 8
                                    268 ;--------------------------------------------------------
                                    269 ; internal ram data
                                    270 ;--------------------------------------------------------
                                    271 	.area DSEG    (DATA)
                                    272 ;--------------------------------------------------------
                                    273 ; overlayable items in internal ram 
                                    274 ;--------------------------------------------------------
                                    275 	.area	OSEG    (OVR,DATA)
                                    276 ;--------------------------------------------------------
                                    277 ; indirectly addressable internal ram data
                                    278 ;--------------------------------------------------------
                                    279 	.area ISEG    (DATA)
                                    280 ;--------------------------------------------------------
                                    281 ; absolute internal ram data
                                    282 ;--------------------------------------------------------
                                    283 	.area IABS    (ABS,DATA)
                                    284 	.area IABS    (ABS,DATA)
                                    285 ;--------------------------------------------------------
                                    286 ; bit data
                                    287 ;--------------------------------------------------------
                                    288 	.area BSEG    (BIT)
                                    289 ;--------------------------------------------------------
                                    290 ; paged external ram data
                                    291 ;--------------------------------------------------------
                                    292 	.area PSEG    (PAG,XDATA)
                                    293 ;--------------------------------------------------------
                                    294 ; external ram data
                                    295 ;--------------------------------------------------------
                                    296 	.area XSEG    (XDATA)
                                    297 ;--------------------------------------------------------
                                    298 ; absolute external ram data
                                    299 ;--------------------------------------------------------
                                    300 	.area XABS    (ABS,XDATA)
                                    301 ;--------------------------------------------------------
                                    302 ; external initialized ram data
                                    303 ;--------------------------------------------------------
                                    304 	.area XISEG   (XDATA)
                                    305 	.area HOME    (CODE)
                                    306 	.area GSINIT0 (CODE)
                                    307 	.area GSINIT1 (CODE)
                                    308 	.area GSINIT2 (CODE)
                                    309 	.area GSINIT3 (CODE)
                                    310 	.area GSINIT4 (CODE)
                                    311 	.area GSINIT5 (CODE)
                                    312 	.area GSINIT  (CODE)
                                    313 	.area GSFINAL (CODE)
                                    314 	.area CSEG    (CODE)
                                    315 ;--------------------------------------------------------
                                    316 ; global & static initialisations
                                    317 ;--------------------------------------------------------
                                    318 	.area HOME    (CODE)
                                    319 	.area GSINIT  (CODE)
                                    320 	.area GSFINAL (CODE)
                                    321 	.area GSINIT  (CODE)
                                    322 ;--------------------------------------------------------
                                    323 ; Home
                                    324 ;--------------------------------------------------------
                                    325 	.area HOME    (CODE)
                                    326 	.area HOME    (CODE)
                                    327 ;--------------------------------------------------------
                                    328 ; code
                                    329 ;--------------------------------------------------------
                                    330 	.area CSEG    (CODE)
                                    331 ;------------------------------------------------------------
                                    332 ;Allocation info for local variables in function 'lcddelay'
                                    333 ;------------------------------------------------------------
                                    334 ;c                         Allocated to registers 
                                    335 ;a                         Allocated to registers r4 
                                    336 ;b                         Allocated to registers r5 
                                    337 ;------------------------------------------------------------
                                    338 ;	lcd.c:3: void lcddelay(unsigned int c)	//12MHz
                                    339 ;	-----------------------------------------
                                    340 ;	 function lcddelay
                                    341 ;	-----------------------------------------
      000000                        342 _lcddelay:
                           000007   343 	ar7 = 0x07
                           000006   344 	ar6 = 0x06
                           000005   345 	ar5 = 0x05
                           000004   346 	ar4 = 0x04
                           000003   347 	ar3 = 0x03
                           000002   348 	ar2 = 0x02
                           000001   349 	ar1 = 0x01
                           000000   350 	ar0 = 0x00
      000000 AE 82            [24]  351 	mov	r6,dpl
      000002 AF 83            [24]  352 	mov	r7,dph
      000004                        353 00109$:
                                    354 ;	lcd.c:6: for(;c>0;c--) for(b=199;b>0;b--) for(a=1;a>0;a--);
      000004 EE               [12]  355 	mov	a,r6
      000005 4F               [12]  356 	orl	a,r7
      000006 60 17            [24]  357 	jz	00111$
      000008 7D C7            [12]  358 	mov	r5,#0xc7
      00000A                        359 00106$:
      00000A 7C 01            [12]  360 	mov	r4,#0x01
      00000C                        361 00105$:
      00000C EC               [12]  362 	mov	a,r4
      00000D 14               [12]  363 	dec	a
      00000E FB               [12]  364 	mov	r3,a
      00000F FC               [12]  365 	mov	r4,a
      000010 70 FA            [24]  366 	jnz	00105$
      000012 ED               [12]  367 	mov	a,r5
      000013 14               [12]  368 	dec	a
      000014 FC               [12]  369 	mov	r4,a
      000015 FD               [12]  370 	mov	r5,a
      000016 70 F2            [24]  371 	jnz	00106$
      000018 1E               [12]  372 	dec	r6
      000019 BE FF 01         [24]  373 	cjne	r6,#0xff,00147$
      00001C 1F               [12]  374 	dec	r7
      00001D                        375 00147$:
      00001D 80 E5            [24]  376 	sjmp	00109$
      00001F                        377 00111$:
                                    378 ;	lcd.c:7: }
      00001F 22               [24]  379 	ret
                                    380 ;------------------------------------------------------------
                                    381 ;Allocation info for local variables in function 'lcdwritecom'
                                    382 ;------------------------------------------------------------
                                    383 ;com                       Allocated to registers r7 
                                    384 ;------------------------------------------------------------
                                    385 ;	lcd.c:9: void lcdwritecom(unsigned char com)
                                    386 ;	-----------------------------------------
                                    387 ;	 function lcdwritecom
                                    388 ;	-----------------------------------------
      000020                        389 _lcdwritecom:
      000020 AF 82            [24]  390 	mov	r7,dpl
                                    391 ;	lcd.c:11: lcde=0;
                                    392 ;	assignBit
      000022 C2 A7            [12]  393 	clr	_P2_7
                                    394 ;	lcd.c:12: lcdrs=0;
                                    395 ;	assignBit
      000024 C2 A6            [12]  396 	clr	_P2_6
                                    397 ;	lcd.c:13: lcdrw=0;
                                    398 ;	assignBit
      000026 C2 A5            [12]  399 	clr	_P2_5
                                    400 ;	lcd.c:14: lcddatepins=com;
      000028 8F 80            [24]  401 	mov	_P0,r7
                                    402 ;	lcd.c:15: lcddelay(1);
      00002A 90 00 01         [24]  403 	mov	dptr,#0x0001
      00002D 12r00r00         [24]  404 	lcall	_lcddelay
                                    405 ;	lcd.c:16: lcde=1;
                                    406 ;	assignBit
      000030 D2 A7            [12]  407 	setb	_P2_7
                                    408 ;	lcd.c:17: lcddelay(5);
      000032 90 00 05         [24]  409 	mov	dptr,#0x0005
      000035 12r00r00         [24]  410 	lcall	_lcddelay
                                    411 ;	lcd.c:18: lcde=0;
                                    412 ;	assignBit
      000038 C2 A7            [12]  413 	clr	_P2_7
                                    414 ;	lcd.c:19: }
      00003A 22               [24]  415 	ret
                                    416 ;------------------------------------------------------------
                                    417 ;Allocation info for local variables in function 'lcdwritedate'
                                    418 ;------------------------------------------------------------
                                    419 ;dat                       Allocated to registers r7 
                                    420 ;------------------------------------------------------------
                                    421 ;	lcd.c:21: void lcdwritedate(unsigned char dat)
                                    422 ;	-----------------------------------------
                                    423 ;	 function lcdwritedate
                                    424 ;	-----------------------------------------
      00003B                        425 _lcdwritedate:
      00003B AF 82            [24]  426 	mov	r7,dpl
                                    427 ;	lcd.c:23: lcde=0;
                                    428 ;	assignBit
      00003D C2 A7            [12]  429 	clr	_P2_7
                                    430 ;	lcd.c:24: lcdrs=1;
                                    431 ;	assignBit
      00003F D2 A6            [12]  432 	setb	_P2_6
                                    433 ;	lcd.c:25: lcdrw=0;
                                    434 ;	assignBit
      000041 C2 A5            [12]  435 	clr	_P2_5
                                    436 ;	lcd.c:26: lcddatepins=dat;
      000043 8F 80            [24]  437 	mov	_P0,r7
                                    438 ;	lcd.c:27: lcddelay(1);
      000045 90 00 01         [24]  439 	mov	dptr,#0x0001
      000048 12r00r00         [24]  440 	lcall	_lcddelay
                                    441 ;	lcd.c:28: lcde=1;
                                    442 ;	assignBit
      00004B D2 A7            [12]  443 	setb	_P2_7
                                    444 ;	lcd.c:29: lcddelay(5);
      00004D 90 00 05         [24]  445 	mov	dptr,#0x0005
      000050 12r00r00         [24]  446 	lcall	_lcddelay
                                    447 ;	lcd.c:30: lcde=0;
                                    448 ;	assignBit
      000053 C2 A7            [12]  449 	clr	_P2_7
                                    450 ;	lcd.c:31: }
      000055 22               [24]  451 	ret
                                    452 ;------------------------------------------------------------
                                    453 ;Allocation info for local variables in function 'lcdinit'
                                    454 ;------------------------------------------------------------
                                    455 ;	lcd.c:33: void lcdinit()
                                    456 ;	-----------------------------------------
                                    457 ;	 function lcdinit
                                    458 ;	-----------------------------------------
      000056                        459 _lcdinit:
                                    460 ;	lcd.c:35: lcdwritecom(0x38);
      000056 75 82 38         [24]  461 	mov	dpl,#0x38
      000059 12r00r20         [24]  462 	lcall	_lcdwritecom
                                    463 ;	lcd.c:36: lcdwritecom(0x0c);
      00005C 75 82 0C         [24]  464 	mov	dpl,#0x0c
      00005F 12r00r20         [24]  465 	lcall	_lcdwritecom
                                    466 ;	lcd.c:37: lcdwritecom(0x06);
      000062 75 82 06         [24]  467 	mov	dpl,#0x06
      000065 12r00r20         [24]  468 	lcall	_lcdwritecom
                                    469 ;	lcd.c:38: lcdwritecom(0x01);
      000068 75 82 01         [24]  470 	mov	dpl,#0x01
      00006B 12r00r20         [24]  471 	lcall	_lcdwritecom
                                    472 ;	lcd.c:39: lcdwritecom(0x80);
      00006E 75 82 80         [24]  473 	mov	dpl,#0x80
                                    474 ;	lcd.c:41: }
      000071 02r00r20         [24]  475 	ljmp	_lcdwritecom
                                    476 	.area CSEG    (CODE)
                                    477 	.area CONST   (CODE)
                                    478 	.area XINIT   (CODE)
                                    479 	.area CABS    (ABS,CODE)
