                                      1 ;--------------------------------------------------------
                                      2 ; File Created by SDCC : free open source ANSI-C Compiler
                                      3 ; Version 4.0.0 #11528 (Linux)
                                      4 ;--------------------------------------------------------
                                      5 	.module main
                                      6 	.optsdcc -mmcs51 --model-small
                                      7 	
                                      8 ;--------------------------------------------------------
                                      9 ; Public variables in this module
                                     10 ;--------------------------------------------------------
                                     11 	.globl _Usart
                                     12 	.globl _main
                                     13 	.globl _TF2
                                     14 	.globl _EXF2
                                     15 	.globl _RCLK
                                     16 	.globl _TCLK
                                     17 	.globl _EXEN2
                                     18 	.globl _TR2
                                     19 	.globl _C_T2
                                     20 	.globl _CP_RL2
                                     21 	.globl _T2CON_7
                                     22 	.globl _T2CON_6
                                     23 	.globl _T2CON_5
                                     24 	.globl _T2CON_4
                                     25 	.globl _T2CON_3
                                     26 	.globl _T2CON_2
                                     27 	.globl _T2CON_1
                                     28 	.globl _T2CON_0
                                     29 	.globl _PT2
                                     30 	.globl _ET2
                                     31 	.globl _CY
                                     32 	.globl _AC
                                     33 	.globl _F0
                                     34 	.globl _RS1
                                     35 	.globl _RS0
                                     36 	.globl _OV
                                     37 	.globl _F1
                                     38 	.globl _P
                                     39 	.globl _PS
                                     40 	.globl _PT1
                                     41 	.globl _PX1
                                     42 	.globl _PT0
                                     43 	.globl _PX0
                                     44 	.globl _RD
                                     45 	.globl _WR
                                     46 	.globl _T1
                                     47 	.globl _T0
                                     48 	.globl _INT1
                                     49 	.globl _INT0
                                     50 	.globl _TXD
                                     51 	.globl _RXD
                                     52 	.globl _P3_7
                                     53 	.globl _P3_6
                                     54 	.globl _P3_5
                                     55 	.globl _P3_4
                                     56 	.globl _P3_3
                                     57 	.globl _P3_2
                                     58 	.globl _P3_1
                                     59 	.globl _P3_0
                                     60 	.globl _EA
                                     61 	.globl _ES
                                     62 	.globl _ET1
                                     63 	.globl _EX1
                                     64 	.globl _ET0
                                     65 	.globl _EX0
                                     66 	.globl _P2_7
                                     67 	.globl _P2_6
                                     68 	.globl _P2_5
                                     69 	.globl _P2_4
                                     70 	.globl _P2_3
                                     71 	.globl _P2_2
                                     72 	.globl _P2_1
                                     73 	.globl _P2_0
                                     74 	.globl _SM0
                                     75 	.globl _SM1
                                     76 	.globl _SM2
                                     77 	.globl _REN
                                     78 	.globl _TB8
                                     79 	.globl _RB8
                                     80 	.globl _TI
                                     81 	.globl _RI
                                     82 	.globl _P1_7
                                     83 	.globl _P1_6
                                     84 	.globl _P1_5
                                     85 	.globl _P1_4
                                     86 	.globl _P1_3
                                     87 	.globl _P1_2
                                     88 	.globl _P1_1
                                     89 	.globl _P1_0
                                     90 	.globl _TF1
                                     91 	.globl _TR1
                                     92 	.globl _TF0
                                     93 	.globl _TR0
                                     94 	.globl _IE1
                                     95 	.globl _IT1
                                     96 	.globl _IE0
                                     97 	.globl _IT0
                                     98 	.globl _P0_7
                                     99 	.globl _P0_6
                                    100 	.globl _P0_5
                                    101 	.globl _P0_4
                                    102 	.globl _P0_3
                                    103 	.globl _P0_2
                                    104 	.globl _P0_1
                                    105 	.globl _P0_0
                                    106 	.globl _TH2
                                    107 	.globl _TL2
                                    108 	.globl _RCAP2H
                                    109 	.globl _RCAP2L
                                    110 	.globl _T2CON
                                    111 	.globl _B
                                    112 	.globl _ACC
                                    113 	.globl _PSW
                                    114 	.globl _IP
                                    115 	.globl _P3
                                    116 	.globl _IE
                                    117 	.globl _P2
                                    118 	.globl _SBUF
                                    119 	.globl _SCON
                                    120 	.globl _P1
                                    121 	.globl _TH1
                                    122 	.globl _TH0
                                    123 	.globl _TL1
                                    124 	.globl _TL0
                                    125 	.globl _TMOD
                                    126 	.globl _TCON
                                    127 	.globl _PCON
                                    128 	.globl _DPH
                                    129 	.globl _DPL
                                    130 	.globl _SP
                                    131 	.globl _P0
                                    132 	.globl _UsartInit
                                    133 ;--------------------------------------------------------
                                    134 ; special function registers
                                    135 ;--------------------------------------------------------
                                    136 	.area RSEG    (ABS,DATA)
      000000                        137 	.org 0x0000
                           000080   138 _P0	=	0x0080
                           000081   139 _SP	=	0x0081
                           000082   140 _DPL	=	0x0082
                           000083   141 _DPH	=	0x0083
                           000087   142 _PCON	=	0x0087
                           000088   143 _TCON	=	0x0088
                           000089   144 _TMOD	=	0x0089
                           00008A   145 _TL0	=	0x008a
                           00008B   146 _TL1	=	0x008b
                           00008C   147 _TH0	=	0x008c
                           00008D   148 _TH1	=	0x008d
                           000090   149 _P1	=	0x0090
                           000098   150 _SCON	=	0x0098
                           000099   151 _SBUF	=	0x0099
                           0000A0   152 _P2	=	0x00a0
                           0000A8   153 _IE	=	0x00a8
                           0000B0   154 _P3	=	0x00b0
                           0000B8   155 _IP	=	0x00b8
                           0000D0   156 _PSW	=	0x00d0
                           0000E0   157 _ACC	=	0x00e0
                           0000F0   158 _B	=	0x00f0
                           0000C8   159 _T2CON	=	0x00c8
                           0000CA   160 _RCAP2L	=	0x00ca
                           0000CB   161 _RCAP2H	=	0x00cb
                           0000CC   162 _TL2	=	0x00cc
                           0000CD   163 _TH2	=	0x00cd
                                    164 ;--------------------------------------------------------
                                    165 ; special function bits
                                    166 ;--------------------------------------------------------
                                    167 	.area RSEG    (ABS,DATA)
      000000                        168 	.org 0x0000
                           000080   169 _P0_0	=	0x0080
                           000081   170 _P0_1	=	0x0081
                           000082   171 _P0_2	=	0x0082
                           000083   172 _P0_3	=	0x0083
                           000084   173 _P0_4	=	0x0084
                           000085   174 _P0_5	=	0x0085
                           000086   175 _P0_6	=	0x0086
                           000087   176 _P0_7	=	0x0087
                           000088   177 _IT0	=	0x0088
                           000089   178 _IE0	=	0x0089
                           00008A   179 _IT1	=	0x008a
                           00008B   180 _IE1	=	0x008b
                           00008C   181 _TR0	=	0x008c
                           00008D   182 _TF0	=	0x008d
                           00008E   183 _TR1	=	0x008e
                           00008F   184 _TF1	=	0x008f
                           000090   185 _P1_0	=	0x0090
                           000091   186 _P1_1	=	0x0091
                           000092   187 _P1_2	=	0x0092
                           000093   188 _P1_3	=	0x0093
                           000094   189 _P1_4	=	0x0094
                           000095   190 _P1_5	=	0x0095
                           000096   191 _P1_6	=	0x0096
                           000097   192 _P1_7	=	0x0097
                           000098   193 _RI	=	0x0098
                           000099   194 _TI	=	0x0099
                           00009A   195 _RB8	=	0x009a
                           00009B   196 _TB8	=	0x009b
                           00009C   197 _REN	=	0x009c
                           00009D   198 _SM2	=	0x009d
                           00009E   199 _SM1	=	0x009e
                           00009F   200 _SM0	=	0x009f
                           0000A0   201 _P2_0	=	0x00a0
                           0000A1   202 _P2_1	=	0x00a1
                           0000A2   203 _P2_2	=	0x00a2
                           0000A3   204 _P2_3	=	0x00a3
                           0000A4   205 _P2_4	=	0x00a4
                           0000A5   206 _P2_5	=	0x00a5
                           0000A6   207 _P2_6	=	0x00a6
                           0000A7   208 _P2_7	=	0x00a7
                           0000A8   209 _EX0	=	0x00a8
                           0000A9   210 _ET0	=	0x00a9
                           0000AA   211 _EX1	=	0x00aa
                           0000AB   212 _ET1	=	0x00ab
                           0000AC   213 _ES	=	0x00ac
                           0000AF   214 _EA	=	0x00af
                           0000B0   215 _P3_0	=	0x00b0
                           0000B1   216 _P3_1	=	0x00b1
                           0000B2   217 _P3_2	=	0x00b2
                           0000B3   218 _P3_3	=	0x00b3
                           0000B4   219 _P3_4	=	0x00b4
                           0000B5   220 _P3_5	=	0x00b5
                           0000B6   221 _P3_6	=	0x00b6
                           0000B7   222 _P3_7	=	0x00b7
                           0000B0   223 _RXD	=	0x00b0
                           0000B1   224 _TXD	=	0x00b1
                           0000B2   225 _INT0	=	0x00b2
                           0000B3   226 _INT1	=	0x00b3
                           0000B4   227 _T0	=	0x00b4
                           0000B5   228 _T1	=	0x00b5
                           0000B6   229 _WR	=	0x00b6
                           0000B7   230 _RD	=	0x00b7
                           0000B8   231 _PX0	=	0x00b8
                           0000B9   232 _PT0	=	0x00b9
                           0000BA   233 _PX1	=	0x00ba
                           0000BB   234 _PT1	=	0x00bb
                           0000BC   235 _PS	=	0x00bc
                           0000D0   236 _P	=	0x00d0
                           0000D1   237 _F1	=	0x00d1
                           0000D2   238 _OV	=	0x00d2
                           0000D3   239 _RS0	=	0x00d3
                           0000D4   240 _RS1	=	0x00d4
                           0000D5   241 _F0	=	0x00d5
                           0000D6   242 _AC	=	0x00d6
                           0000D7   243 _CY	=	0x00d7
                           0000AD   244 _ET2	=	0x00ad
                           0000BD   245 _PT2	=	0x00bd
                           0000C8   246 _T2CON_0	=	0x00c8
                           0000C9   247 _T2CON_1	=	0x00c9
                           0000CA   248 _T2CON_2	=	0x00ca
                           0000CB   249 _T2CON_3	=	0x00cb
                           0000CC   250 _T2CON_4	=	0x00cc
                           0000CD   251 _T2CON_5	=	0x00cd
                           0000CE   252 _T2CON_6	=	0x00ce
                           0000CF   253 _T2CON_7	=	0x00cf
                           0000C8   254 _CP_RL2	=	0x00c8
                           0000C9   255 _C_T2	=	0x00c9
                           0000CA   256 _TR2	=	0x00ca
                           0000CB   257 _EXEN2	=	0x00cb
                           0000CC   258 _TCLK	=	0x00cc
                           0000CD   259 _RCLK	=	0x00cd
                           0000CE   260 _EXF2	=	0x00ce
                           0000CF   261 _TF2	=	0x00cf
                                    262 ;--------------------------------------------------------
                                    263 ; overlayable register banks
                                    264 ;--------------------------------------------------------
                                    265 	.area REG_BANK_0	(REL,OVR,DATA)
      000000                        266 	.ds 8
                                    267 ;--------------------------------------------------------
                                    268 ; internal ram data
                                    269 ;--------------------------------------------------------
                                    270 	.area DSEG    (DATA)
                                    271 ;--------------------------------------------------------
                                    272 ; overlayable items in internal ram 
                                    273 ;--------------------------------------------------------
                                    274 ;--------------------------------------------------------
                                    275 ; Stack segment in internal ram 
                                    276 ;--------------------------------------------------------
                                    277 	.area	SSEG
      000000                        278 __start__stack:
      000000                        279 	.ds	1
                                    280 
                                    281 ;--------------------------------------------------------
                                    282 ; indirectly addressable internal ram data
                                    283 ;--------------------------------------------------------
                                    284 	.area ISEG    (DATA)
                                    285 ;--------------------------------------------------------
                                    286 ; absolute internal ram data
                                    287 ;--------------------------------------------------------
                                    288 	.area IABS    (ABS,DATA)
                                    289 	.area IABS    (ABS,DATA)
                                    290 ;--------------------------------------------------------
                                    291 ; bit data
                                    292 ;--------------------------------------------------------
                                    293 	.area BSEG    (BIT)
                                    294 ;--------------------------------------------------------
                                    295 ; paged external ram data
                                    296 ;--------------------------------------------------------
                                    297 	.area PSEG    (PAG,XDATA)
                                    298 ;--------------------------------------------------------
                                    299 ; external ram data
                                    300 ;--------------------------------------------------------
                                    301 	.area XSEG    (XDATA)
                                    302 ;--------------------------------------------------------
                                    303 ; absolute external ram data
                                    304 ;--------------------------------------------------------
                                    305 	.area XABS    (ABS,XDATA)
                                    306 ;--------------------------------------------------------
                                    307 ; external initialized ram data
                                    308 ;--------------------------------------------------------
                                    309 	.area XISEG   (XDATA)
                                    310 	.area HOME    (CODE)
                                    311 	.area GSINIT0 (CODE)
                                    312 	.area GSINIT1 (CODE)
                                    313 	.area GSINIT2 (CODE)
                                    314 	.area GSINIT3 (CODE)
                                    315 	.area GSINIT4 (CODE)
                                    316 	.area GSINIT5 (CODE)
                                    317 	.area GSINIT  (CODE)
                                    318 	.area GSFINAL (CODE)
                                    319 	.area CSEG    (CODE)
                                    320 ;--------------------------------------------------------
                                    321 ; interrupt vector 
                                    322 ;--------------------------------------------------------
                                    323 	.area HOME    (CODE)
      000000                        324 __interrupt_vect:
      000000 02r00r00         [24]  325 	ljmp	__sdcc_gsinit_startup
      000003 32               [24]  326 	reti
      000004                        327 	.ds	7
      00000B 32               [24]  328 	reti
      00000C                        329 	.ds	7
      000013 32               [24]  330 	reti
      000014                        331 	.ds	7
      00001B 32               [24]  332 	reti
      00001C                        333 	.ds	7
      000023 02r00r1B         [24]  334 	ljmp	_Usart
                                    335 ;--------------------------------------------------------
                                    336 ; global & static initialisations
                                    337 ;--------------------------------------------------------
                                    338 	.area HOME    (CODE)
                                    339 	.area GSINIT  (CODE)
                                    340 	.area GSFINAL (CODE)
                                    341 	.area GSINIT  (CODE)
                                    342 	.globl __sdcc_gsinit_startup
                                    343 	.globl __sdcc_program_startup
                                    344 	.globl __start__stack
                                    345 	.globl __mcs51_genXINIT
                                    346 	.globl __mcs51_genXRAMCLEAR
                                    347 	.globl __mcs51_genRAMCLEAR
                                    348 	.area GSFINAL (CODE)
      000000 02r00r26         [24]  349 	ljmp	__sdcc_program_startup
                                    350 ;--------------------------------------------------------
                                    351 ; Home
                                    352 ;--------------------------------------------------------
                                    353 	.area HOME    (CODE)
                                    354 	.area HOME    (CODE)
      000026                        355 __sdcc_program_startup:
      000026 02r00r00         [24]  356 	ljmp	_main
                                    357 ;	return from main will return to caller
                                    358 ;--------------------------------------------------------
                                    359 ; code
                                    360 ;--------------------------------------------------------
                                    361 	.area CSEG    (CODE)
                                    362 ;------------------------------------------------------------
                                    363 ;Allocation info for local variables in function 'main'
                                    364 ;------------------------------------------------------------
                                    365 ;	main.c:5: void main()
                                    366 ;	-----------------------------------------
                                    367 ;	 function main
                                    368 ;	-----------------------------------------
      000000                        369 _main:
                           000007   370 	ar7 = 0x07
                           000006   371 	ar6 = 0x06
                           000005   372 	ar5 = 0x05
                           000004   373 	ar4 = 0x04
                           000003   374 	ar3 = 0x03
                           000002   375 	ar2 = 0x02
                           000001   376 	ar1 = 0x01
                           000000   377 	ar0 = 0x00
                                    378 ;	main.c:7: UsartInit();
      000000 12r00r05         [24]  379 	lcall	_UsartInit
                                    380 ;	main.c:8: while(1);
      000003                        381 00102$:
                                    382 ;	main.c:9: }
      000003 80 FE            [24]  383 	sjmp	00102$
                                    384 ;------------------------------------------------------------
                                    385 ;Allocation info for local variables in function 'UsartInit'
                                    386 ;------------------------------------------------------------
                                    387 ;	main.c:11: void UsartInit()
                                    388 ;	-----------------------------------------
                                    389 ;	 function UsartInit
                                    390 ;	-----------------------------------------
      000005                        391 _UsartInit:
                                    392 ;	main.c:13: EA=1;		//打开中断总开关;
                                    393 ;	assignBit
      000005 D2 AF            [12]  394 	setb	_EA
                                    395 ;	main.c:14: ES=1;		//串口中断使能
                                    396 ;	assignBit
      000007 D2 AC            [12]  397 	setb	_ES
                                    398 ;	main.c:15: TMOD=0X20;	//设置计数器1工作方式2
      000009 75 89 20         [24]  399 	mov	_TMOD,#0x20
                                    400 ;	main.c:16: TR1=1;		//打开计数器1
                                    401 ;	assignBit
      00000C D2 8E            [12]  402 	setb	_TR1
                                    403 ;	main.c:17: TH1=0XF3;	//计数器初始值设置，注意波特率是4800的
      00000E 75 8D F3         [24]  404 	mov	_TH1,#0xf3
                                    405 ;	main.c:18: TL1=0XF3;
      000011 75 8B F3         [24]  406 	mov	_TL1,#0xf3
                                    407 ;	main.c:19: SCON=0X50;	//SM0=0;SM=1;设置为工作方式1   0101 0000
      000014 75 98 50         [24]  408 	mov	_SCON,#0x50
                                    409 ;	main.c:23: PCON=0X80;	//波特率加倍 1000 0000
      000017 75 87 80         [24]  410 	mov	_PCON,#0x80
                                    411 ;	main.c:25: }
      00001A 22               [24]  412 	ret
                                    413 ;------------------------------------------------------------
                                    414 ;Allocation info for local variables in function 'Usart'
                                    415 ;------------------------------------------------------------
                                    416 ;receiveData               Allocated to registers r7 
                                    417 ;------------------------------------------------------------
                                    418 ;	main.c:27: void Usart() __interrupt 4
                                    419 ;	-----------------------------------------
                                    420 ;	 function Usart
                                    421 ;	-----------------------------------------
      00001B                        422 _Usart:
      00001B C0 07            [24]  423 	push	ar7
      00001D C0 D0            [24]  424 	push	psw
      00001F 75 D0 00         [24]  425 	mov	psw,#0x00
                                    426 ;	main.c:30: receiveData=SBUF;	//出去接收到的数据
      000022 AF 99            [24]  427 	mov	r7,_SBUF
                                    428 ;	main.c:31: RI = 0;			//清除接收中断标志位
                                    429 ;	assignBit
      000024 C2 98            [12]  430 	clr	_RI
                                    431 ;	main.c:32: SBUF=receiveData;	//将接收到的数据放入到发送寄存器
      000026 8F 99            [24]  432 	mov	_SBUF,r7
                                    433 ;	main.c:33: while(!TI);		//等待发送数据完成
      000028                        434 00101$:
                                    435 ;	main.c:34: TI=0;			//清除发送完成标志位
                                    436 ;	assignBit
      000028 10 99 02         [24]  437 	jbc	_TI,00114$
      00002B 80 FB            [24]  438 	sjmp	00101$
      00002D                        439 00114$:
                                    440 ;	main.c:35: }
      00002D D0 D0            [24]  441 	pop	psw
      00002F D0 07            [24]  442 	pop	ar7
      000031 32               [24]  443 	reti
                                    444 ;	eliminated unneeded push/pop dpl
                                    445 ;	eliminated unneeded push/pop dph
                                    446 ;	eliminated unneeded push/pop b
                                    447 ;	eliminated unneeded push/pop acc
                                    448 	.area CSEG    (CODE)
                                    449 	.area CONST   (CODE)
                                    450 	.area XINIT   (CODE)
                                    451 	.area CABS    (ABS,CODE)
